<?xml version="1.0" encoding="UTF-8" ?>
<testsuite errors="0" failures="0" hostname="brian-kurlychek-1.wireless.usm.maine.edu" name="com.happyl.TenantIntegrationTests" tests="1" time="0.106" timestamp="2012-02-29T21:48:08">
  <properties />
  <testcase classname="com.happyl.TenantIntegrationTests" name="testSave" time="0.105" />
  <system-out><![CDATA[--Output from testSave--
]]></system-out>
  <system-err><![CDATA[--Output from testSave--
]]></system-err>
</testsuite>
