<?xml version="1.0" encoding="UTF-8" ?>
<testsuite errors="0" failures="0" hostname="brian-kurlychek-1.wireless.usm.maine.edu" name="com.happyl.PropertyTests" tests="1" time="0.145" timestamp="2012-02-24T00:12:34">
  <properties />
  <testcase classname="com.happyl.PropertyTests" name="testSomething" time="0.078" />
  <system-out><![CDATA[--Output from testSomething--
]]></system-out>
  <system-err><![CDATA[--Output from testSomething--
]]></system-err>
</testsuite>
