<?xml version="1.0" encoding="UTF-8" ?>
<testsuite errors="0" failures="0" hostname="brian-kurlychek-1.wireless.usm.maine.edu" name="com.happyl.UnitIntegrationTests" tests="1" time="0.07" timestamp="2012-02-24T00:12:44">
  <properties />
  <testcase classname="com.happyl.UnitIntegrationTests" name="testSave" time="0.069" />
  <system-out><![CDATA[--Output from testSave--
]]></system-out>
  <system-err><![CDATA[--Output from testSave--
]]></system-err>
</testsuite>
