<?xml version="1.0" encoding="UTF-8" ?>
<testsuite errors="0" failures="0" hostname="brian-kurlychek-1.wireless.usm.maine.edu" name="com.happyl.PropertyControllerTests" tests="1" time="0.203" timestamp="2012-02-23T23:23:16">
  <properties />
  <testcase classname="com.happyl.PropertyControllerTests" name="testSomething" time="0.145" />
  <system-out><![CDATA[--Output from testSomething--
]]></system-out>
  <system-err><![CDATA[--Output from testSomething--
]]></system-err>
</testsuite>
