<?xml version="1.0" encoding="UTF-8" ?>
<testsuite errors="0" failures="0" hostname="brian-kurlychek-1.wireless.usm.maine.edu" name="com.happyl.TenantUnitTests" tests="1" time="0.037" timestamp="2012-02-29T21:47:59">
  <properties />
  <testcase classname="com.happyl.TenantUnitTests" name="testConstraints" time="0.035" />
  <system-out><![CDATA[--Output from testConstraints--
]]></system-out>
  <system-err><![CDATA[--Output from testConstraints--
]]></system-err>
</testsuite>
