<?xml version="1.0" encoding="UTF-8" ?>
<testsuite errors="0" failures="0" hostname="brian-kurlychek-1.wireless.usm.maine.edu" name="com.happyl.UnitControllerTests" tests="1" time="0.138" timestamp="2012-02-24T00:12:35">
  <properties />
  <testcase classname="com.happyl.UnitControllerTests" name="testSomething" time="0.1" />
  <system-out><![CDATA[--Output from testSomething--
]]></system-out>
  <system-err><![CDATA[--Output from testSomething--
]]></system-err>
</testsuite>
