<?xml version="1.0" encoding="UTF-8" ?>
<testsuite errors="0" failures="0" hostname="brian-kurlychek-1.wireless.usm.maine.edu" name="com.happyl.LandlordControllerTests" tests="1" time="1.7" timestamp="2012-02-23T23:23:13">
  <properties />
  <testcase classname="com.happyl.LandlordControllerTests" name="testSomething" time="1.442" />
  <system-out><![CDATA[--Output from testSomething--
]]></system-out>
  <system-err><![CDATA[--Output from testSomething--
]]></system-err>
</testsuite>
