<?xml version="1.0" encoding="UTF-8" ?>
<testsuite errors="0" failures="0" hostname="MomsLaptop-PC" name="com.happyl.UnitIntegrationTests" tests="5" time="1.634" timestamp="2012-03-01T04:02:56">
  <properties />
  <testcase classname="com.happyl.UnitIntegrationTests" name="testSave" time="0.243" />
  <testcase classname="com.happyl.UnitIntegrationTests" name="testSaveAndUpdate" time="0.075" />
  <testcase classname="com.happyl.UnitIntegrationTests" name="testSaveThenDelete" time="0.105" />
  <testcase classname="com.happyl.UnitIntegrationTests" name="testIncorrectSave" time="0.595" />
  <testcase classname="com.happyl.UnitIntegrationTests" name="testIncorrectSaveCorrected" time="0.602" />
  <system-out><![CDATA[--Output from testSave--
--Output from testSaveAndUpdate--
--Output from testSaveThenDelete--
--Output from testIncorrectSave--
--Output from testIncorrectSaveCorrected--
]]></system-out>
  <system-err><![CDATA[--Output from testSave--
--Output from testSaveAndUpdate--
--Output from testSaveThenDelete--
--Output from testIncorrectSave--
--Output from testIncorrectSaveCorrected--
]]></system-err>
</testsuite>
