<?xml version="1.0" encoding="UTF-8" ?>
<testsuite errors="0" failures="0" hostname="brian-kurlychek-1.wireless.usm.maine.edu" name="com.happyl.LandlordUnitTests" tests="1" time="1.671" timestamp="2012-02-25T17:38:23">
  <properties />
  <testcase classname="com.happyl.LandlordUnitTests" name="testConstraints" time="1.599" />
  <system-out><![CDATA[--Output from testConstraints--
]]></system-out>
  <system-err><![CDATA[--Output from testConstraints--
]]></system-err>
</testsuite>
