<?xml version="1.0" encoding="UTF-8" ?>
<testsuite errors="0" failures="0" hostname="brian-kurlychek-1.wireless.usm.maine.edu" name="com.happyl.LandlordTests" tests="1" time="0.352" timestamp="2012-02-24T00:12:33">
  <properties />
  <testcase classname="com.happyl.LandlordTests" name="testConstraints" time="0.311" />
  <system-out><![CDATA[--Output from testConstraints--
]]></system-out>
  <system-err><![CDATA[--Output from testConstraints--
]]></system-err>
</testsuite>
